2017-05-15 00:29:08,535 : INFO : loading LdaModel object from /tmp/model.lda
2017-05-15 00:29:08,536 : INFO : loading expElogbeta from /tmp/model.lda.expElogbeta.npy with mmap=None
2017-05-15 00:29:08,539 : INFO : setting ignored attribute id2word to None
2017-05-15 00:29:08,539 : INFO : setting ignored attribute state to None
2017-05-15 00:29:08,539 : INFO : setting ignored attribute dispatcher to None
2017-05-15 00:29:08,539 : INFO : loaded /tmp/model.lda
2017-05-15 00:29:08,539 : INFO : loading LdaModel object from /tmp/model.lda.state
2017-05-15 00:29:08,550 : INFO : loaded /tmp/model.lda.state
2017-05-15 00:29:08,558 : INFO : topic #0 (0.010): 0.123*"啦" + 0.081*"求" + 0.055*"棋局" + 0.034*"玩个" + 0.023*"兔" + 0.023*"，" + 0.019*"颜色" + 0.018*"解答" + 0.018*"棋子" + 0.016*" 出售"
2017-05-15 00:29:08,558 : INFO : topic #1 (0.010): 0.126*"人" + 0.087*"里面" + 0.085*"神器" + 0.060*" 你" + 0.058*"啥" + 0.046*" 为啥" + 0.029*"看看" + 0.023*"跑" + 0.023*"的" + 0.023*"通过"
2017-05-15 00:29:08,559 : INFO : topic #2 (0.010): 0.111*"多" + 0.093*"东西" + 0.081*"的" + 0.065*"那么" + 0.052*"，" + 0.039*"低" + 0.032*"太" + 0.028*"完成" + 0.024*"了" + 0.020*"天山"
2017-05-15 00:29:08,559 : INFO : topic #3 (0.010): 0.185*"为什么" + 0.160*"？" + 0.075*"不能" + 0.064*"自动" + 0.047*" 为什么" + 0.032*"骂人" + 0.030*"吸收" + 0.027*"我" + 0.018*"能" + 0.017*"宝石"
2017-05-15 00:29:08,559 : INFO : topic #4 (0.010): 0.827*" " + 0.014*"了" + 0.006*"的" + 0.004*"转职" + 0.004*"这么" + 0.004*"实在" + 0.004*"玩" + 0.004*"我" + 0.004*"也" + 0.003*"护肩"
2017-05-15 00:29:08,559 : INFO : topic #5 (0.010): 0.098*"做" + 0.089*"，" + 0.064*"了" + 0.046*"橙色" + 0.040*"上限" + 0.034*"出" + 0.031*"的" + 0.027*"戒指" + 0.024*"都" + 0.022*"不"
2017-05-15 00:29:08,559 : INFO : topic #6 (0.010): 0.198*"级" + 0.085*"后" + 0.072*"出来" + 0.046*"-" + 0.029*"，" + 0.023*"生命" + 0.022*"？" + 0.022*"更" + 0.020*"宝石" + 0.019*"怎么"
2017-05-15 00:29:08,560 : INFO : topic #7 (0.010): 0.067*"，" + 0.051*"25" + 0.044*"了" + 0.026*"小号" + 0.025*"外挂" + 0.025*"有人" + 0.023*"是" + 0.018*"商店" + 0.018*"战友" + 0.018*"喊"
2017-05-15 00:29:08,560 : INFO : topic #8 (0.010): 0.096*"，" + 0.078*"时间" + 0.044*" 装备" + 0.036*"打星" + 0.034*"不然" + 0.031*"老子" + 0.028*"的" + 0.026*"分钟" + 0.024*"手游" + 0.023*" 王霸"
2017-05-15 00:29:08,560 : INFO : topic #9 (0.010): 0.246*"？" + 0.065*"还" + 0.064*"，" + 0.049*"玩" + 0.044*"吗" + 0.044*"了" + 0.041*"让" + 0.031*"你们" + 0.026*"人" + 0.024*"的"
2017-05-15 00:29:08,560 : INFO : topic #10 (0.010): 0.161*" 充值" + 0.160*"账" + 0.070*"到" + 0.055*"处理" + 0.045*"充值" + 0.034*"元宝" + 0.031*"的" + 0.030*"职业" + 0.026*"未到" + 0.025*"不到"
2017-05-15 00:29:08,560 : INFO : topic #11 (0.010): 0.063*"那个" + 0.063*"一下" + 0.058*"送" + 0.056*"石" + 0.054*"只有" + 0.050*"的" + 0.042*"中" + 0.040*"叫" + 0.034*"，" + 0.026*"五行"
2017-05-15 00:29:08,560 : INFO : topic #12 (0.010): 0.104*"，" + 0.104*"副本" + 0.057*"了" + 0.056*"次" + 0.053*"夫子" + 0.050*"一次" + 0.033*"就" + 0.031*"多少" + 0.028*"次数" + 0.028*"一个"
2017-05-15 00:29:08,561 : INFO : topic #13 (0.010): 0.103*"礼包" + 0.079*"，" + 0.041*"未" + 0.040*"的" + 0.039*"了" + 0.036*"我" + 0.036*"198" + 0.033*"没有" + 0.026*"比如" + 0.021*"充值"
2017-05-15 00:29:08,561 : INFO : topic #14 (0.010): 0.066*"伙伴" + 0.055*" 美人" + 0.042*" 垃圾" + 0.036*"进化" + 0.033*"，" + 0.032*"韧性" + 0.029*"官方" + 0.028*"坑" + 0.027*"爆伤" + 0.026*" 灵鹫"
2017-05-15 00:29:08,561 : INFO : topic #15 (0.010): 0.083*"，" + 0.043*"之后" + 0.038*"的" + 0.035*"腰带" + 0.030*"门派" + 0.029*"控制" + 0.027*"容易" + 0.024*"称号" + 0.024*"和尚" + 0.021*"走"
2017-05-15 00:29:08,561 : INFO : topic #16 (0.010): 0.135*"玩家" + 0.076*"刷" + 0.070*"了" + 0.062*"，" + 0.054*"卡" + 0.044*"出现" + 0.038*"看" + 0.032*"这么" + 0.030*"的" + 0.026*"就"
2017-05-15 00:29:08,561 : INFO : topic #17 (0.010): 0.131*"，" + 0.034*"31" + 0.030*"了" + 0.028*"你" + 0.023*"150" + 0.022*"的" + 0.021*" 草" + 0.019*"醉" + 0.017*"都" + 0.015*"二"
2017-05-15 00:29:08,562 : INFO : topic #18 (0.010): 0.273*"你" + 0.194*"，" + 0.178*"妈" + 0.152*"逼" + 0.121*"操" + 0.007*" 夫子" + 0.005*" 就" + 0.004*"干" + 0.003*" 上次" + 0.003*"达到"
2017-05-15 00:29:08,562 : INFO : topic #19 (0.010): 0.097*"，" + 0.068*"传承" + 0.049*"匹配" + 0.033*"65" + 0.030*"妈" + 0.027*"逼" + 0.020*"你" + 0.019*"成就" + 0.019*"操" + 0.018*"等等"
2017-05-15 00:29:08,562 : INFO : topic #20 (0.010): 0.065*"的" + 0.055*"寄售" + 0.049*"，" + 0.044*"每次" + 0.041*"武器" + 0.039*"在" + 0.039*"领" + 0.037*"好" + 0.027*"那里" + 0.022*"最好"
2017-05-15 00:29:08,562 : INFO : topic #21 (0.010): 0.074*"，" + 0.068*"蜜蜡" + 0.053*"商城" + 0.048*"了" + 0.035*"没" + 0.030*"咋" + 0.026*"的" + 0.025*"我" + 0.021*"碎片" + 0.021*"如果"
2017-05-15 00:29:08,562 : INFO : topic #22 (0.010): 0.122*"，" + 0.084*"别人" + 0.049*"了" + 0.047*"一直" + 0.043*"却" + 0.033*"几个" + 0.030*"都" + 0.025*"技能" + 0.023*"没有" + 0.022*"得到"
2017-05-15 00:29:08,563 : INFO : topic #23 (0.010): 0.085*"秒" + 0.083*"，" + 0.039*"就" + 0.032*"昨天" + 0.030*"退" + 0.030*"都" + 0.028*"了" + 0.028*"还有" + 0.028*"天龙八部" + 0.025*"我"
2017-05-15 00:29:08,563 : INFO : topic #24 (0.010): 0.081*"，" + 0.062*"说" + 0.051*"5" + 0.046*"山" + 0.034*"错" + 0.033*"雁门关" + 0.032*"了" + 0.028*"少室" + 0.024*"个" + 0.024*"打"
2017-05-15 00:29:08,563 : INFO : topic #25 (0.010): 0.078*"账号" + 0.071*"了" + 0.066*"." + 0.051*"进去" + 0.036*"的" + 0.035*"解释" + 0.035*"邀请" + 0.033*"怎么" + 0.033*"没" + 0.032*"我"
2017-05-15 00:29:08,563 : INFO : topic #26 (0.010): 0.101*"绑定" + 0.100*"什么" + 0.087*"情况" + 0.046*"，" + 0.030*"还" + 0.028*"了" + 0.026*"不" + 0.021*" 天天" + 0.020*"和" + 0.019*" 真"
2017-05-15 00:29:08,563 : INFO : topic #27 (0.010): 0.077*"手动" + 0.051*"，" + 0.042*"修复" + 0.041*" 背包" + 0.029*"怎么" + 0.028*"厉害" + 0.027*"值" + 0.025*" 神装" + 0.023*" 充钱" + 0.023*"赠礼"
2017-05-15 00:29:08,564 : INFO : topic #28 (0.010): 0.108*"无法" + 0.104*" 游戏" + 0.056*" 建议" + 0.036*" 副本" + 0.033*"了" + 0.033*"传送" + 0.031*"应该" + 0.031*" 组队" + 0.030*"这人" + 0.028*"可以"
2017-05-15 00:29:08,564 : INFO : topic #29 (0.010): 0.202*"任务" + 0.115*"了" + 0.057*"小心" + 0.055*"不" + 0.050*"，" + 0.047*"美人" + 0.038*"扣" + 0.027*"我" + 0.026*" 不" + 0.019*"做"
2017-05-15 00:29:08,564 : INFO : topic #30 (0.010): 0.114*"不是" + 0.077*"的" + 0.057*"，" + 0.040*"系统" + 0.039*"吗" + 0.037*"怪" + 0.036*"分解" + 0.030*"有" + 0.026*"每个" + 0.026*"杀"
2017-05-15 00:29:08,564 : INFO : topic #31 (0.010): 0.056*"不会" + 0.046*"明明" + 0.041*"12" + 0.037*"紫色" + 0.036*"了" + 0.033*"不行" + 0.028*"灵鹫" + 0.025*"师门" + 0.022*"宫" + 0.022*"材料"
2017-05-15 00:29:08,564 : INFO : topic #32 (0.010): 0.099*" 能" + 0.062*"不能" + 0.060*"，" + 0.057*"下去" + 0.041*"世界" + 0.032*"。" + 0.029*"boss" + 0.027*"聊天" + 0.025*"VIP" + 0.019*"帮会"
2017-05-15 00:29:08,564 : INFO : topic #33 (0.010): 0.173*"是" + 0.081*"还是" + 0.078*"2" + 0.051*"的" + 0.039*"出" + 0.036*"我" + 0.030*"，" + 0.025*"帐号" + 0.022*"元宝" + 0.022*"？"
2017-05-15 00:29:08,565 : INFO : topic #34 (0.010): 0.095*"3" + 0.077*"经验" + 0.072*"宝石" + 0.069*"了" + 0.058*"，" + 0.058*"掉" + 0.033*"我" + 0.032*"没有" + 0.029*"的" + 0.023*"个"
2017-05-15 00:29:08,565 : INFO : topic #35 (0.010): 0.118*"没到" + 0.098*"装备" + 0.093*"不到" + 0.064*"怎么" + 0.054*"的" + 0.040*" 子女" + 0.040*"着" + 0.039*"账" + 0.024*"错误" + 0.023*"石头"
2017-05-15 00:29:08,565 : INFO : topic #36 (0.010): 0.097*"天天" + 0.083*"被" + 0.053*"，" + 0.036*"快" + 0.035*"谁" + 0.032*"的" + 0.032*"积木" + 0.030*"了" + 0.028*"反馈" + 0.027*"就是"
2017-05-15 00:29:08,565 : INFO : topic #37 (0.010): 0.090*"对" + 0.065*"不好" + 0.057*"，" + 0.049*"地图" + 0.046*"：" + 0.044*"可" + 0.036*" 草泥马" + 0.022*"的" + 0.017*"返回" + 0.015*"卖东西"
2017-05-15 00:29:08,565 : INFO : topic #38 (0.010): 0.069*"技能" + 0.052*"，" + 0.050*"金币" + 0.046*"的" + 0.043*"被动" + 0.042*"答题" + 0.038*"唐门" + 0.031*"交易" + 0.030*" 今天" + 0.029*"区"
2017-05-15 00:29:08,566 : INFO : topic #39 (0.010): 0.095*"手机" + 0.079*"不了" + 0.049*"认证" + 0.046*"的" + 0.044*"，" + 0.037*"没收" + 0.030*" 为什么" + 0.029*"到" + 0.026*"结婚" + 0.020*"狗"
2017-05-15 00:29:08,566 : INFO : topic #40 (0.010): 0.626*"。" + 0.018*"个" + 0.013*" 。" + 0.012*"左右" + 0.012*"一个" + 0.011*"？" + 0.011*"侠客" + 0.011*"都" + 0.010*"的" + 0.009*"了"
2017-05-15 00:29:08,566 : INFO : topic #41 (0.010): 0.111*"买" + 0.060*"的" + 0.059*"尼玛" + 0.049*"元宝" + 0.037*" 在" + 0.032*"成长" + 0.031*"我" + 0.030*"基金" + 0.022*"？" + 0.022*"行"
2017-05-15 00:29:08,566 : INFO : topic #42 (0.010): 0.065*"了" + 0.062*"开" + 0.059*"游戏" + 0.056*"进" + 0.055*" 这" + 0.033*"太少" + 0.033*"嘛" + 0.030*"仓库" + 0.026*"藏宝图" + 0.020*"就"
2017-05-15 00:29:08,566 : INFO : topic #43 (0.010): 0.235*"垃圾" + 0.183*"，" + 0.156*"游戏" + 0.026*" 元宝" + 0.019*"乔峰" + 0.016*"平衡" + 0.015*"继续" + 0.013*" 冲值" + 0.013*"你" + 0.012*"越"
2017-05-15 00:29:08,567 : INFO : topic #44 (0.010): 0.153*"，" + 0.116*"问题" + 0.051*"了" + 0.040*"没法" + 0.037*"玩" + 0.031*"有" + 0.031*"根本" + 0.026*"得" + 0.024*"退游" + 0.019*"其他"
2017-05-15 00:29:08,567 : INFO : topic #45 (0.010): 0.093*"成功" + 0.077*"，" + 0.072*"了" + 0.039*"换" + 0.036*"的" + 0.036*"太坑" + 0.034*"几率" + 0.033*"也" + 0.022*"不" + 0.020*"带"
2017-05-15 00:29:08,567 : INFO : topic #46 (0.010): 0.120*"时候" + 0.079*"么" + 0.063*"什么" + 0.059*"，" + 0.040*" 什么" + 0.037*"能" + 0.033*"的" + 0.031*"回流" + 0.024*"苹果" + 0.022*"可以"
2017-05-15 00:29:08,567 : INFO : topic #47 (0.010): 0.133*"，" + 0.098*" 日" + 0.068*"你" + 0.045*"麻痹" + 0.023*"了" + 0.021*"的" + 0.021*"妈" + 0.021*" 都" + 0.019*" 操" + 0.019*"关系"
2017-05-15 00:29:08,567 : INFO : topic #48 (0.010): 0.057*"好多" + 0.054*"战力" + 0.053*"他" + 0.049*" " + 0.042*"天山" + 0.038*"?" + 0.038*"了" + 0.038*"是不是" + 0.025*"$" + 0.022*"t"
2017-05-15 00:29:08,568 : INFO : topic #49 (0.010): 0.100*"日" + 0.072*"合成" + 0.070*"把" + 0.047*"了" + 0.043*"，" + 0.041*"再" + 0.033*"月" + 0.025*"吗" + 0.025*"的" + 0.025*"能"
2017-05-15 00:29:08,568 : INFO : topic #50 (0.010): 0.093*"活动" + 0.056*"，" + 0.050*"了" + 0.046*"的" + 0.039*"太慢" + 0.033*" 你好" + 0.030*"有没有" + 0.028*"和" + 0.026*"好" + 0.022*"速度"
2017-05-15 00:29:08,568 : INFO : topic #51 (0.010): 0.068*"转换" + 0.067*"背包" + 0.061*"满" + 0.036*"v" + 0.035*"高" + 0.029*"了" + 0.026*"不用" + 0.024*"，" + 0.022*"宝石" + 0.022*"符"
2017-05-15 00:29:08,568 : INFO : topic #52 (0.010): 0.195*"充值" + 0.060*"在" + 0.047*"呢" + 0.035*"的" + 0.033*"登陆" + 0.033*"？" + 0.033*" 为什么" + 0.032*" 我" + 0.028*"老" + 0.027*"了"
2017-05-15 00:29:08,568 : INFO : topic #53 (0.010): 0.075*"掉线" + 0.057*"购买" + 0.043*"时" + 0.042*" 可以" + 0.037*"多次" + 0.030*" 做" + 0.029*"总是" + 0.028*"都" + 0.028*"界面" + 0.027*"了"
2017-05-15 00:29:08,569 : INFO : topic #54 (0.010): 0.083*"，" + 0.073*"了" + 0.034*"望" + 0.029*" 姥姥" + 0.029*"忘" + 0.026*"第一" + 0.024*"平民" + 0.021*"第二次" + 0.020*"的" + 0.017*"拿"
2017-05-15 00:29:08,569 : INFO : topic #55 (0.010): 0.181*"，" + 0.082*"会" + 0.050*"只" + 0.028*"雄图" + 0.023*"的" + 0.023*"然后" + 0.021*"要求" + 0.017*"操作" + 0.016*"了" + 0.016*"一个月"
2017-05-15 00:29:08,569 : INFO : topic #56 (0.010): 0.049*"万" + 0.043*"大会" + 0.041*"钱扣" + 0.040*"为啥" + 0.038*"了" + 0.037*"查看" + 0.035*"，" + 0.031*"三天" + 0.030*"信息" + 0.029*"空间"
2017-05-15 00:29:08,570 : INFO : topic #57 (0.010): 0.057*"星期" + 0.056*"收到" + 0.055*"没有" + 0.046*"周末" + 0.043*"昨晚" + 0.038*"奖励" + 0.034*"的" + 0.031*" 狂欢" + 0.023*"狂欢" + 0.022*"充值"
2017-05-15 00:29:08,570 : INFO : topic #58 (0.010): 0.146*"上" + 0.053*"的" + 0.053*"，" + 0.035*"号" + 0.034*"才能" + 0.027*"游戏" + 0.022*"一个" + 0.021*"几天" + 0.021*"版本" + 0.020*"了"
2017-05-15 00:29:08,570 : INFO : topic #59 (0.010): 0.066*"想" + 0.059*"，" + 0.044*"了" + 0.044*"我" + 0.035*"9" + 0.031*"元宝" + 0.030*"或者" + 0.028*"的" + 0.026*"游戏" + 0.025*"人家"
2017-05-15 00:29:08,570 : INFO : topic #60 (0.010): 0.106*"，" + 0.069*"块" + 0.061*"来" + 0.056*"别的" + 0.034*"了" + 0.021*" 想" + 0.020*"就" + 0.019*"全是" + 0.017*"太弱" + 0.015*"费劲"
2017-05-15 00:29:08,570 : INFO : topic #61 (0.010): 0.083*"，" + 0.076*"这样" + 0.065*"的" + 0.053*"公平" + 0.042*"丹" + 0.042*"可以" + 0.039*"不" + 0.038*"真的" + 0.026*"吃" + 0.019*"选择"
2017-05-15 00:29:08,571 : INFO : topic #62 (0.010): 0.116*"显示" + 0.082*"…" + 0.082*"组队" + 0.079*"那" + 0.064*"怎么回事" + 0.044*"看不到" + 0.038*" 没有" + 0.025*"副本" + 0.021*"看到" + 0.021*"，"
2017-05-15 00:29:08,571 : INFO : topic #63 (0.010): 0.076*"用" + 0.060*"的" + 0.057*"弄" + 0.045*"应该" + 0.044*"坑人" + 0.036*"，" + 0.028*"为" + 0.023*"不够" + 0.020*"有" + 0.019*"干嘛"
2017-05-15 00:29:08,571 : INFO : topic #64 (0.010): 0.082*"碎片" + 0.061*"，" + 0.060*"下" + 0.056*"大理" + 0.047*"10" + 0.040*"能" + 0.036*"了" + 0.035*"两次" + 0.031*"帐" + 0.027*" 大理"
2017-05-15 00:29:08,571 : INFO : topic #65 (0.010): 0.084*"抽" + 0.080*"功能" + 0.059*"移动" + 0.057*"队员" + 0.056*"不能" + 0.044*"了" + 0.044*"，" + 0.041*"向" + 0.028*"队友" + 0.026*"信息"
2017-05-15 00:29:08,571 : INFO : topic #66 (0.010): 0.084*"30" + 0.049*"今天" + 0.047*"使用" + 0.043*"元宝" + 0.042*"，" + 0.041*"的" + 0.039*"没有" + 0.028*"但" + 0.026*"？" + 0.022*"可是"
2017-05-15 00:29:08,572 : INFO : topic #67 (0.010): 0.068*"姥姥" + 0.063*"，" + 0.061*"现在" + 0.047*"我" + 0.044*"都" + 0.043*"美人" + 0.032*"了" + 0.031*"不" + 0.031*"的" + 0.029*"4"
2017-05-15 00:29:08,572 : INFO : topic #68 (0.010): 0.080*"过" + 0.048*"花" + 0.048*"以前" + 0.046*"一天" + 0.043*"90" + 0.033*"的" + 0.028*"宫" + 0.027*"了" + 0.023*"鹫" + 0.022*" 抽"
2017-05-15 00:29:08,572 : INFO : topic #69 (0.010): 0.143*" 怎么" + 0.095*"里" + 0.063*"领取" + 0.041*"队伍" + 0.039*"了" + 0.038*"密码" + 0.037*"升级" + 0.035*"只能" + 0.035*"不能" + 0.026*"？"
2017-05-15 00:29:08,572 : INFO : topic #70 (0.010): 0.505*"！" + 0.048*"了" + 0.022*"的" + 0.018*"吧" + 0.015*"，" + 0.015*"啊" + 0.012*"游戏" + 0.011*"我" + 0.010*"你们" + 0.009*"不"
2017-05-15 00:29:08,572 : INFO : topic #71 (0.010): 0.101*"，" + 0.068*"的" + 0.048*"天龙" + 0.039*"到底" + 0.032*"了" + 0.026*"出" + 0.024*"每天" + 0.024*"没" + 0.023*"突然" + 0.023*"我"
2017-05-15 00:29:08,572 : INFO : topic #72 (0.010): 0.090*"侠客" + 0.068*"皇宫" + 0.064*"怎么办" + 0.058*"充" + 0.046*"的" + 0.037*"了" + 0.036*" 我" + 0.031*"我" + 0.028*"从" + 0.027*"登录"
2017-05-15 00:29:08,573 : INFO : topic #73 (0.010): 0.132*"，" + 0.072*"骗子" + 0.051*"不管" + 0.047*"名字" + 0.035*"了" + 0.029*"雇佣" + 0.027*"消费" + 0.025*"开红" + 0.020*"手机号" + 0.018*"？"
2017-05-15 00:29:08,573 : INFO : topic #74 (0.010): 0.098*"，" + 0.078*"解决" + 0.055*"了" + 0.036*"没人" + 0.035*"都" + 0.032*"的" + 0.026*"而且" + 0.026*"禁言" + 0.023*"我" + 0.022*"玩"
2017-05-15 00:29:08,573 : INFO : topic #75 (0.010): 0.109*"垃圾桶" + 0.095*"，" + 0.049*"逼" + 0.046*"进来" + 0.042*"妈" + 0.036*"神剑" + 0.030*"操" + 0.026*"你" + 0.024*"费" + 0.022*"寻路"
2017-05-15 00:29:08,573 : INFO : topic #76 (0.010): 0.062*"意思" + 0.061*"哪里" + 0.058*"，" + 0.050*"妹" + 0.044*"是" + 0.043*"什么" + 0.039*"一" + 0.033*"挂机" + 0.027*"三个" + 0.025*"答案"
2017-05-15 00:29:08,573 : INFO : topic #77 (0.010): 0.104*"元" + 0.081*"，" + 0.064*"1" + 0.043*"50" + 0.037*"100" + 0.033*"坐骑" + 0.029*" 侠客" + 0.028*"一样" + 0.028*"杀人" + 0.027*"个"
2017-05-15 00:29:08,574 : INFO : topic #78 (0.010): 0.103*"太" + 0.092*"，" + 0.086*"麻烦" + 0.084*"失败" + 0.076*"很" + 0.021*"玩意" + 0.020*"好" + 0.019*"副本" + 0.016*"了" + 0.016*"那样"
2017-05-15 00:29:08,574 : INFO : topic #79 (0.010): 0.086*"，" + 0.073*"吆喝" + 0.056*"非法" + 0.040*"发" + 0.040*"字符" + 0.038*" 寄售" + 0.030*"的" + 0.018*"物品" + 0.018*" 玩家" + 0.017*"东西"
2017-05-15 00:29:08,574 : INFO : topic #80 (0.010): 0.062*"丐帮" + 0.040*" 给" + 0.032*"雁门" + 0.031*"如何" + 0.030*"确定" + 0.029*"，" + 0.027*"不足" + 0.020*"答" + 0.017*"的" + 0.017*"俩"
2017-05-15 00:29:08,574 : INFO : topic #81 (0.010): 0.098*"奖励" + 0.068*"没有" + 0.047*"怎么" + 0.042*"？" + 0.039*"返利" + 0.033*"领" + 0.032*"活动" + 0.031*"了" + 0.030*" 希望" + 0.026*"召回"
2017-05-15 00:29:08,574 : INFO : topic #82 (0.010): 0.125*"钱" + 0.065*"我们" + 0.057*"，" + 0.052*"知道" + 0.047*"才" + 0.039*"也" + 0.036*"不" + 0.030*"设置" + 0.026*"等" + 0.024*"的"
2017-05-15 00:29:08,575 : INFO : topic #83 (0.010): 0.090*"坑" + 0.055*"但是" + 0.052*"，" + 0.051*"搞" + 0.036*"一个" + 0.034*"了" + 0.033*"真" + 0.033*"翅膀" + 0.028*"孩子" + 0.026*"毛"
2017-05-15 00:29:08,575 : INFO : topic #84 (0.010): 0.154*"又" + 0.071*"了" + 0.067*"，" + 0.050*"的" + 0.042*"宝宝" + 0.040*"重新" + 0.027*"帮忙" + 0.023*"一起" + 0.021*"放" + 0.021*"状态"
2017-05-15 00:29:08,575 : INFO : topic #85 (0.010): 0.113*"了" + 0.070*"少" + 0.053*"的" + 0.050*"不见" + 0.047*"提示" + 0.040*"充值" + 0.036*"强化" + 0.032*" 我" + 0.030*"元宝" + 0.028*"改进"
2017-05-15 00:29:08,575 : INFO : topic #86 (0.010): 0.073*"女性" + 0.070*"，" + 0.068*"全家" + 0.057*"逼" + 0.056*"你" + 0.051*"妈" + 0.024*"操" + 0.023*"字体" + 0.019*"曼陀罗花" + 0.015*"不起"
2017-05-15 00:29:08,575 : INFO : topic #87 (0.010): 0.087*"、" + 0.074*"人物" + 0.073*"，" + 0.031*"了" + 0.028*"帽子" + 0.028*"网络" + 0.024*"级别" + 0.021*"我" + 0.018*" 昨天" + 0.017*"没"
2017-05-15 00:29:08,576 : INFO : topic #88 (0.010): 0.098*"，" + 0.090*"技能" + 0.069*"请" + 0.052*"的" + 0.049*"好友" + 0.032*"不" + 0.030*"了" + 0.028*"加" + 0.026*"书" + 0.023*"神节"
2017-05-15 00:29:08,576 : INFO : topic #89 (0.010): 0.094*"找" + 0.065*"这个" + 0.061*"回来" + 0.053*"的" + 0.049*"自己" + 0.041*"了" + 0.035*" 强烈要求" + 0.034*"出售" + 0.032*"能" + 0.021*"不"
2017-05-15 00:29:08,576 : INFO : topic #90 (0.010): 0.138*"角色" + 0.092*"已经" + 0.052*" 不能" + 0.050*"，" + 0.045*"删除" + 0.039*"了" + 0.032*"验证" + 0.030*"服务器" + 0.024*"怎么" + 0.024*"多久"
2017-05-15 00:29:08,576 : INFO : topic #91 (0.010): 0.048*"草泥马" + 0.046*" 队长" + 0.037*"地方" + 0.036*"悬赏" + 0.034*"支付" + 0.033*"晚上" + 0.031*" " + 0.030*"微信" + 0.030*"不能" + 0.030*"特价"
2017-05-15 00:29:08,576 : INFO : topic #92 (0.010): 0.127*"，" + 0.076*"60" + 0.053*"都" + 0.046*"改" + 0.040*"的" + 0.033*"死" + 0.030*"不能" + 0.029*"连" + 0.026*"能" + 0.020*"合"
2017-05-15 00:29:08,576 : INFO : topic #93 (0.010): 0.072*"直接" + 0.067*"反应" + 0.058*"恶人" + 0.047*"没" + 0.047*"跟" + 0.046*"了" + 0.032*"点" + 0.027*"收账" + 0.025*" 一个" + 0.025*"，"
2017-05-15 00:29:08,577 : INFO : topic #94 (0.010): 0.346*"啊" + 0.053*"卖" + 0.048*"了" + 0.043*"骗" + 0.030*"，" + 0.028*"合区" + 0.026*"太低" + 0.024*" 有人" + 0.015*" 华山论剑" + 0.014*"婉清"
2017-05-15 00:29:08,577 : INFO : topic #95 (0.010): 0.090*"，" + 0.080*"了" + 0.062*"我" + 0.058*"谢谢" + 0.055*"找回" + 0.043*"的" + 0.035*"客服" + 0.031*"帮" + 0.028*"冲" + 0.027*"能"
2017-05-15 00:29:08,577 : INFO : topic #96 (0.010): 0.173*"给" + 0.127*"我" + 0.076*"不" + 0.073*"了" + 0.073*"，" + 0.033*"个" + 0.029*"都" + 0.023*"属性" + 0.019*"的" + 0.017*"没"
2017-05-15 00:29:08,577 : INFO : topic #97 (0.010): 0.100*"了" + 0.057*"一点" + 0.039*"老是" + 0.037*"，" + 0.035*"完" + 0.032*"的" + 0.031*"也" + 0.030*"都" + 0.024*"没意思" + 0.024*"打孔"
2017-05-15 00:29:08,577 : INFO : topic #98 (0.010): 0.083*"去" + 0.059*" 这个" + 0.057*"了" + 0.053*"建议" + 0.046*" 唐门" + 0.043*"，" + 0.036*"呀" + 0.033*"太" + 0.030*"哦" + 0.023*"晕"
2017-05-15 00:29:08,578 : INFO : topic #99 (0.010): 0.109*"点" + 0.049*"，" + 0.048*"等级" + 0.044*"6" + 0.042*"取消" + 0.041*"增加" + 0.027*"而" + 0.027*"为了" + 0.027*"小时" + 0.026*"脑残"
2017-05-15 00:29:08,579 : INFO : loaded corpus index from /tmp/corpora.mm.index
2017-05-15 00:29:08,579 : INFO : initializing corpus reader from /tmp/corpora.mm
2017-05-15 00:29:08,579 : INFO : accepted corpus with 15479 documents, 12930 features, 149805 non-zero entries
2017-05-15 00:30:36,869 : INFO : loading LdaModel object from /tmp/model.lda
2017-05-15 00:30:36,869 : INFO : loading expElogbeta from /tmp/model.lda.expElogbeta.npy with mmap=None
2017-05-15 00:30:36,872 : INFO : setting ignored attribute id2word to None
2017-05-15 00:30:36,873 : INFO : setting ignored attribute state to None
2017-05-15 00:30:36,873 : INFO : setting ignored attribute dispatcher to None
2017-05-15 00:30:36,873 : INFO : loaded /tmp/model.lda
2017-05-15 00:30:36,873 : INFO : loading LdaModel object from /tmp/model.lda.state
2017-05-15 00:30:36,880 : INFO : loaded /tmp/model.lda.state
2017-05-15 00:30:36,888 : INFO : topic #0 (0.010): 0.123*"啦" + 0.081*"求" + 0.055*"棋局" + 0.034*"玩个" + 0.023*"兔" + 0.023*"，" + 0.019*"颜色" + 0.018*"解答" + 0.018*"棋子" + 0.016*" 出售"
2017-05-15 00:30:36,889 : INFO : topic #1 (0.010): 0.126*"人" + 0.087*"里面" + 0.085*"神器" + 0.060*" 你" + 0.058*"啥" + 0.046*" 为啥" + 0.029*"看看" + 0.023*"跑" + 0.023*"的" + 0.023*"通过"
2017-05-15 00:30:36,889 : INFO : topic #2 (0.010): 0.111*"多" + 0.093*"东西" + 0.081*"的" + 0.065*"那么" + 0.052*"，" + 0.039*"低" + 0.032*"太" + 0.028*"完成" + 0.024*"了" + 0.020*"天山"
2017-05-15 00:30:36,889 : INFO : topic #3 (0.010): 0.185*"为什么" + 0.160*"？" + 0.075*"不能" + 0.064*"自动" + 0.047*" 为什么" + 0.032*"骂人" + 0.030*"吸收" + 0.027*"我" + 0.018*"能" + 0.017*"宝石"
2017-05-15 00:30:36,889 : INFO : topic #4 (0.010): 0.827*" " + 0.014*"了" + 0.006*"的" + 0.004*"转职" + 0.004*"这么" + 0.004*"实在" + 0.004*"玩" + 0.004*"我" + 0.004*"也" + 0.003*"护肩"
2017-05-15 00:30:36,890 : INFO : topic #5 (0.010): 0.098*"做" + 0.089*"，" + 0.064*"了" + 0.046*"橙色" + 0.040*"上限" + 0.034*"出" + 0.031*"的" + 0.027*"戒指" + 0.024*"都" + 0.022*"不"
2017-05-15 00:30:36,890 : INFO : topic #6 (0.010): 0.198*"级" + 0.085*"后" + 0.072*"出来" + 0.046*"-" + 0.029*"，" + 0.023*"生命" + 0.022*"？" + 0.022*"更" + 0.020*"宝石" + 0.019*"怎么"
2017-05-15 00:30:36,890 : INFO : topic #7 (0.010): 0.067*"，" + 0.051*"25" + 0.044*"了" + 0.026*"小号" + 0.025*"外挂" + 0.025*"有人" + 0.023*"是" + 0.018*"商店" + 0.018*"战友" + 0.018*"喊"
2017-05-15 00:30:36,890 : INFO : topic #8 (0.010): 0.096*"，" + 0.078*"时间" + 0.044*" 装备" + 0.036*"打星" + 0.034*"不然" + 0.031*"老子" + 0.028*"的" + 0.026*"分钟" + 0.024*"手游" + 0.023*" 王霸"
2017-05-15 00:30:36,890 : INFO : topic #9 (0.010): 0.246*"？" + 0.065*"还" + 0.064*"，" + 0.049*"玩" + 0.044*"吗" + 0.044*"了" + 0.041*"让" + 0.031*"你们" + 0.026*"人" + 0.024*"的"
2017-05-15 00:30:36,891 : INFO : topic #10 (0.010): 0.161*" 充值" + 0.160*"账" + 0.070*"到" + 0.055*"处理" + 0.045*"充值" + 0.034*"元宝" + 0.031*"的" + 0.030*"职业" + 0.026*"未到" + 0.025*"不到"
2017-05-15 00:30:36,891 : INFO : topic #11 (0.010): 0.063*"那个" + 0.063*"一下" + 0.058*"送" + 0.056*"石" + 0.054*"只有" + 0.050*"的" + 0.042*"中" + 0.040*"叫" + 0.034*"，" + 0.026*"五行"
2017-05-15 00:30:36,891 : INFO : topic #12 (0.010): 0.104*"，" + 0.104*"副本" + 0.057*"了" + 0.056*"次" + 0.053*"夫子" + 0.050*"一次" + 0.033*"就" + 0.031*"多少" + 0.028*"次数" + 0.028*"一个"
2017-05-15 00:30:36,891 : INFO : topic #13 (0.010): 0.103*"礼包" + 0.079*"，" + 0.041*"未" + 0.040*"的" + 0.039*"了" + 0.036*"我" + 0.036*"198" + 0.033*"没有" + 0.026*"比如" + 0.021*"充值"
2017-05-15 00:30:36,891 : INFO : topic #14 (0.010): 0.066*"伙伴" + 0.055*" 美人" + 0.042*" 垃圾" + 0.036*"进化" + 0.033*"，" + 0.032*"韧性" + 0.029*"官方" + 0.028*"坑" + 0.027*"爆伤" + 0.026*" 灵鹫"
2017-05-15 00:30:36,892 : INFO : topic #15 (0.010): 0.083*"，" + 0.043*"之后" + 0.038*"的" + 0.035*"腰带" + 0.030*"门派" + 0.029*"控制" + 0.027*"容易" + 0.024*"称号" + 0.024*"和尚" + 0.021*"走"
2017-05-15 00:30:36,892 : INFO : topic #16 (0.010): 0.135*"玩家" + 0.076*"刷" + 0.070*"了" + 0.062*"，" + 0.054*"卡" + 0.044*"出现" + 0.038*"看" + 0.032*"这么" + 0.030*"的" + 0.026*"就"
2017-05-15 00:30:36,892 : INFO : topic #17 (0.010): 0.131*"，" + 0.034*"31" + 0.030*"了" + 0.028*"你" + 0.023*"150" + 0.022*"的" + 0.021*" 草" + 0.019*"醉" + 0.017*"都" + 0.015*"二"
2017-05-15 00:30:36,892 : INFO : topic #18 (0.010): 0.273*"你" + 0.194*"，" + 0.178*"妈" + 0.152*"逼" + 0.121*"操" + 0.007*" 夫子" + 0.005*" 就" + 0.004*"干" + 0.003*" 上次" + 0.003*"达到"
2017-05-15 00:30:36,892 : INFO : topic #19 (0.010): 0.097*"，" + 0.068*"传承" + 0.049*"匹配" + 0.033*"65" + 0.030*"妈" + 0.027*"逼" + 0.020*"你" + 0.019*"成就" + 0.019*"操" + 0.018*"等等"
2017-05-15 00:30:36,892 : INFO : topic #20 (0.010): 0.065*"的" + 0.055*"寄售" + 0.049*"，" + 0.044*"每次" + 0.041*"武器" + 0.039*"在" + 0.039*"领" + 0.037*"好" + 0.027*"那里" + 0.022*"最好"
2017-05-15 00:30:36,893 : INFO : topic #21 (0.010): 0.074*"，" + 0.068*"蜜蜡" + 0.053*"商城" + 0.048*"了" + 0.035*"没" + 0.030*"咋" + 0.026*"的" + 0.025*"我" + 0.021*"碎片" + 0.021*"如果"
2017-05-15 00:30:36,893 : INFO : topic #22 (0.010): 0.122*"，" + 0.084*"别人" + 0.049*"了" + 0.047*"一直" + 0.043*"却" + 0.033*"几个" + 0.030*"都" + 0.025*"技能" + 0.023*"没有" + 0.022*"得到"
2017-05-15 00:30:36,893 : INFO : topic #23 (0.010): 0.085*"秒" + 0.083*"，" + 0.039*"就" + 0.032*"昨天" + 0.030*"退" + 0.030*"都" + 0.028*"了" + 0.028*"还有" + 0.028*"天龙八部" + 0.025*"我"
2017-05-15 00:30:36,893 : INFO : topic #24 (0.010): 0.081*"，" + 0.062*"说" + 0.051*"5" + 0.046*"山" + 0.034*"错" + 0.033*"雁门关" + 0.032*"了" + 0.028*"少室" + 0.024*"个" + 0.024*"打"
2017-05-15 00:30:36,893 : INFO : topic #25 (0.010): 0.078*"账号" + 0.071*"了" + 0.066*"." + 0.051*"进去" + 0.036*"的" + 0.035*"解释" + 0.035*"邀请" + 0.033*"怎么" + 0.033*"没" + 0.032*"我"
2017-05-15 00:30:36,894 : INFO : topic #26 (0.010): 0.101*"绑定" + 0.100*"什么" + 0.087*"情况" + 0.046*"，" + 0.030*"还" + 0.028*"了" + 0.026*"不" + 0.021*" 天天" + 0.020*"和" + 0.019*" 真"
2017-05-15 00:30:36,894 : INFO : topic #27 (0.010): 0.077*"手动" + 0.051*"，" + 0.042*"修复" + 0.041*" 背包" + 0.029*"怎么" + 0.028*"厉害" + 0.027*"值" + 0.025*" 神装" + 0.023*" 充钱" + 0.023*"赠礼"
2017-05-15 00:30:36,894 : INFO : topic #28 (0.010): 0.108*"无法" + 0.104*" 游戏" + 0.056*" 建议" + 0.036*" 副本" + 0.033*"了" + 0.033*"传送" + 0.031*"应该" + 0.031*" 组队" + 0.030*"这人" + 0.028*"可以"
2017-05-15 00:30:36,894 : INFO : topic #29 (0.010): 0.202*"任务" + 0.115*"了" + 0.057*"小心" + 0.055*"不" + 0.050*"，" + 0.047*"美人" + 0.038*"扣" + 0.027*"我" + 0.026*" 不" + 0.019*"做"
2017-05-15 00:30:36,894 : INFO : topic #30 (0.010): 0.114*"不是" + 0.077*"的" + 0.057*"，" + 0.040*"系统" + 0.039*"吗" + 0.037*"怪" + 0.036*"分解" + 0.030*"有" + 0.026*"每个" + 0.026*"杀"
2017-05-15 00:30:36,895 : INFO : topic #31 (0.010): 0.056*"不会" + 0.046*"明明" + 0.041*"12" + 0.037*"紫色" + 0.036*"了" + 0.033*"不行" + 0.028*"灵鹫" + 0.025*"师门" + 0.022*"宫" + 0.022*"材料"
2017-05-15 00:30:36,895 : INFO : topic #32 (0.010): 0.099*" 能" + 0.062*"不能" + 0.060*"，" + 0.057*"下去" + 0.041*"世界" + 0.032*"。" + 0.029*"boss" + 0.027*"聊天" + 0.025*"VIP" + 0.019*"帮会"
2017-05-15 00:30:36,895 : INFO : topic #33 (0.010): 0.173*"是" + 0.081*"还是" + 0.078*"2" + 0.051*"的" + 0.039*"出" + 0.036*"我" + 0.030*"，" + 0.025*"帐号" + 0.022*"元宝" + 0.022*"？"
2017-05-15 00:30:36,895 : INFO : topic #34 (0.010): 0.095*"3" + 0.077*"经验" + 0.072*"宝石" + 0.069*"了" + 0.058*"，" + 0.058*"掉" + 0.033*"我" + 0.032*"没有" + 0.029*"的" + 0.023*"个"
2017-05-15 00:30:36,895 : INFO : topic #35 (0.010): 0.118*"没到" + 0.098*"装备" + 0.093*"不到" + 0.064*"怎么" + 0.054*"的" + 0.040*" 子女" + 0.040*"着" + 0.039*"账" + 0.024*"错误" + 0.023*"石头"
2017-05-15 00:30:36,896 : INFO : topic #36 (0.010): 0.097*"天天" + 0.083*"被" + 0.053*"，" + 0.036*"快" + 0.035*"谁" + 0.032*"的" + 0.032*"积木" + 0.030*"了" + 0.028*"反馈" + 0.027*"就是"
2017-05-15 00:30:36,896 : INFO : topic #37 (0.010): 0.090*"对" + 0.065*"不好" + 0.057*"，" + 0.049*"地图" + 0.046*"：" + 0.044*"可" + 0.036*" 草泥马" + 0.022*"的" + 0.017*"返回" + 0.015*"卖东西"
2017-05-15 00:30:36,896 : INFO : topic #38 (0.010): 0.069*"技能" + 0.052*"，" + 0.050*"金币" + 0.046*"的" + 0.043*"被动" + 0.042*"答题" + 0.038*"唐门" + 0.031*"交易" + 0.030*" 今天" + 0.029*"区"
2017-05-15 00:30:36,896 : INFO : topic #39 (0.010): 0.095*"手机" + 0.079*"不了" + 0.049*"认证" + 0.046*"的" + 0.044*"，" + 0.037*"没收" + 0.030*" 为什么" + 0.029*"到" + 0.026*"结婚" + 0.020*"狗"
2017-05-15 00:30:36,896 : INFO : topic #40 (0.010): 0.626*"。" + 0.018*"个" + 0.013*" 。" + 0.012*"左右" + 0.012*"一个" + 0.011*"？" + 0.011*"侠客" + 0.011*"都" + 0.010*"的" + 0.009*"了"
2017-05-15 00:30:36,897 : INFO : topic #41 (0.010): 0.111*"买" + 0.060*"的" + 0.059*"尼玛" + 0.049*"元宝" + 0.037*" 在" + 0.032*"成长" + 0.031*"我" + 0.030*"基金" + 0.022*"？" + 0.022*"行"
2017-05-15 00:30:36,897 : INFO : topic #42 (0.010): 0.065*"了" + 0.062*"开" + 0.059*"游戏" + 0.056*"进" + 0.055*" 这" + 0.033*"太少" + 0.033*"嘛" + 0.030*"仓库" + 0.026*"藏宝图" + 0.020*"就"
2017-05-15 00:30:36,897 : INFO : topic #43 (0.010): 0.235*"垃圾" + 0.183*"，" + 0.156*"游戏" + 0.026*" 元宝" + 0.019*"乔峰" + 0.016*"平衡" + 0.015*"继续" + 0.013*" 冲值" + 0.013*"你" + 0.012*"越"
2017-05-15 00:30:36,897 : INFO : topic #44 (0.010): 0.153*"，" + 0.116*"问题" + 0.051*"了" + 0.040*"没法" + 0.037*"玩" + 0.031*"有" + 0.031*"根本" + 0.026*"得" + 0.024*"退游" + 0.019*"其他"
2017-05-15 00:30:36,897 : INFO : topic #45 (0.010): 0.093*"成功" + 0.077*"，" + 0.072*"了" + 0.039*"换" + 0.036*"的" + 0.036*"太坑" + 0.034*"几率" + 0.033*"也" + 0.022*"不" + 0.020*"带"
2017-05-15 00:30:36,897 : INFO : topic #46 (0.010): 0.120*"时候" + 0.079*"么" + 0.063*"什么" + 0.059*"，" + 0.040*" 什么" + 0.037*"能" + 0.033*"的" + 0.031*"回流" + 0.024*"苹果" + 0.022*"可以"
2017-05-15 00:30:36,898 : INFO : topic #47 (0.010): 0.133*"，" + 0.098*" 日" + 0.068*"你" + 0.045*"麻痹" + 0.023*"了" + 0.021*"的" + 0.021*"妈" + 0.021*" 都" + 0.019*" 操" + 0.019*"关系"
2017-05-15 00:30:36,898 : INFO : topic #48 (0.010): 0.057*"好多" + 0.054*"战力" + 0.053*"他" + 0.049*" " + 0.042*"天山" + 0.038*"?" + 0.038*"了" + 0.038*"是不是" + 0.025*"$" + 0.022*"t"
2017-05-15 00:30:36,898 : INFO : topic #49 (0.010): 0.100*"日" + 0.072*"合成" + 0.070*"把" + 0.047*"了" + 0.043*"，" + 0.041*"再" + 0.033*"月" + 0.025*"吗" + 0.025*"的" + 0.025*"能"
2017-05-15 00:30:36,898 : INFO : topic #50 (0.010): 0.093*"活动" + 0.056*"，" + 0.050*"了" + 0.046*"的" + 0.039*"太慢" + 0.033*" 你好" + 0.030*"有没有" + 0.028*"和" + 0.026*"好" + 0.022*"速度"
2017-05-15 00:30:36,898 : INFO : topic #51 (0.010): 0.068*"转换" + 0.067*"背包" + 0.061*"满" + 0.036*"v" + 0.035*"高" + 0.029*"了" + 0.026*"不用" + 0.024*"，" + 0.022*"宝石" + 0.022*"符"
2017-05-15 00:30:36,899 : INFO : topic #52 (0.010): 0.195*"充值" + 0.060*"在" + 0.047*"呢" + 0.035*"的" + 0.033*"登陆" + 0.033*"？" + 0.033*" 为什么" + 0.032*" 我" + 0.028*"老" + 0.027*"了"
2017-05-15 00:30:36,899 : INFO : topic #53 (0.010): 0.075*"掉线" + 0.057*"购买" + 0.043*"时" + 0.042*" 可以" + 0.037*"多次" + 0.030*" 做" + 0.029*"总是" + 0.028*"都" + 0.028*"界面" + 0.027*"了"
2017-05-15 00:30:36,899 : INFO : topic #54 (0.010): 0.083*"，" + 0.073*"了" + 0.034*"望" + 0.029*" 姥姥" + 0.029*"忘" + 0.026*"第一" + 0.024*"平民" + 0.021*"第二次" + 0.020*"的" + 0.017*"拿"
2017-05-15 00:30:36,899 : INFO : topic #55 (0.010): 0.181*"，" + 0.082*"会" + 0.050*"只" + 0.028*"雄图" + 0.023*"的" + 0.023*"然后" + 0.021*"要求" + 0.017*"操作" + 0.016*"了" + 0.016*"一个月"
2017-05-15 00:30:36,899 : INFO : topic #56 (0.010): 0.049*"万" + 0.043*"大会" + 0.041*"钱扣" + 0.040*"为啥" + 0.038*"了" + 0.037*"查看" + 0.035*"，" + 0.031*"三天" + 0.030*"信息" + 0.029*"空间"
2017-05-15 00:30:36,900 : INFO : topic #57 (0.010): 0.057*"星期" + 0.056*"收到" + 0.055*"没有" + 0.046*"周末" + 0.043*"昨晚" + 0.038*"奖励" + 0.034*"的" + 0.031*" 狂欢" + 0.023*"狂欢" + 0.022*"充值"
2017-05-15 00:30:36,900 : INFO : topic #58 (0.010): 0.146*"上" + 0.053*"的" + 0.053*"，" + 0.035*"号" + 0.034*"才能" + 0.027*"游戏" + 0.022*"一个" + 0.021*"几天" + 0.021*"版本" + 0.020*"了"
2017-05-15 00:30:36,900 : INFO : topic #59 (0.010): 0.066*"想" + 0.059*"，" + 0.044*"了" + 0.044*"我" + 0.035*"9" + 0.031*"元宝" + 0.030*"或者" + 0.028*"的" + 0.026*"游戏" + 0.025*"人家"
2017-05-15 00:30:36,900 : INFO : topic #60 (0.010): 0.106*"，" + 0.069*"块" + 0.061*"来" + 0.056*"别的" + 0.034*"了" + 0.021*" 想" + 0.020*"就" + 0.019*"全是" + 0.017*"太弱" + 0.015*"费劲"
2017-05-15 00:30:36,900 : INFO : topic #61 (0.010): 0.083*"，" + 0.076*"这样" + 0.065*"的" + 0.053*"公平" + 0.042*"丹" + 0.042*"可以" + 0.039*"不" + 0.038*"真的" + 0.026*"吃" + 0.019*"选择"
2017-05-15 00:30:36,901 : INFO : topic #62 (0.010): 0.116*"显示" + 0.082*"…" + 0.082*"组队" + 0.079*"那" + 0.064*"怎么回事" + 0.044*"看不到" + 0.038*" 没有" + 0.025*"副本" + 0.021*"看到" + 0.021*"，"
2017-05-15 00:30:36,901 : INFO : topic #63 (0.010): 0.076*"用" + 0.060*"的" + 0.057*"弄" + 0.045*"应该" + 0.044*"坑人" + 0.036*"，" + 0.028*"为" + 0.023*"不够" + 0.020*"有" + 0.019*"干嘛"
2017-05-15 00:30:36,901 : INFO : topic #64 (0.010): 0.082*"碎片" + 0.061*"，" + 0.060*"下" + 0.056*"大理" + 0.047*"10" + 0.040*"能" + 0.036*"了" + 0.035*"两次" + 0.031*"帐" + 0.027*" 大理"
2017-05-15 00:30:36,901 : INFO : topic #65 (0.010): 0.084*"抽" + 0.080*"功能" + 0.059*"移动" + 0.057*"队员" + 0.056*"不能" + 0.044*"了" + 0.044*"，" + 0.041*"向" + 0.028*"队友" + 0.026*"信息"
2017-05-15 00:30:36,901 : INFO : topic #66 (0.010): 0.084*"30" + 0.049*"今天" + 0.047*"使用" + 0.043*"元宝" + 0.042*"，" + 0.041*"的" + 0.039*"没有" + 0.028*"但" + 0.026*"？" + 0.022*"可是"
2017-05-15 00:30:36,901 : INFO : topic #67 (0.010): 0.068*"姥姥" + 0.063*"，" + 0.061*"现在" + 0.047*"我" + 0.044*"都" + 0.043*"美人" + 0.032*"了" + 0.031*"不" + 0.031*"的" + 0.029*"4"
2017-05-15 00:30:36,902 : INFO : topic #68 (0.010): 0.080*"过" + 0.048*"花" + 0.048*"以前" + 0.046*"一天" + 0.043*"90" + 0.033*"的" + 0.028*"宫" + 0.027*"了" + 0.023*"鹫" + 0.022*" 抽"
2017-05-15 00:30:36,902 : INFO : topic #69 (0.010): 0.143*" 怎么" + 0.095*"里" + 0.063*"领取" + 0.041*"队伍" + 0.039*"了" + 0.038*"密码" + 0.037*"升级" + 0.035*"只能" + 0.035*"不能" + 0.026*"？"
2017-05-15 00:30:36,902 : INFO : topic #70 (0.010): 0.505*"！" + 0.048*"了" + 0.022*"的" + 0.018*"吧" + 0.015*"，" + 0.015*"啊" + 0.012*"游戏" + 0.011*"我" + 0.010*"你们" + 0.009*"不"
2017-05-15 00:30:36,902 : INFO : topic #71 (0.010): 0.101*"，" + 0.068*"的" + 0.048*"天龙" + 0.039*"到底" + 0.032*"了" + 0.026*"出" + 0.024*"每天" + 0.024*"没" + 0.023*"突然" + 0.023*"我"
2017-05-15 00:30:36,902 : INFO : topic #72 (0.010): 0.090*"侠客" + 0.068*"皇宫" + 0.064*"怎么办" + 0.058*"充" + 0.046*"的" + 0.037*"了" + 0.036*" 我" + 0.031*"我" + 0.028*"从" + 0.027*"登录"
2017-05-15 00:30:36,903 : INFO : topic #73 (0.010): 0.132*"，" + 0.072*"骗子" + 0.051*"不管" + 0.047*"名字" + 0.035*"了" + 0.029*"雇佣" + 0.027*"消费" + 0.025*"开红" + 0.020*"手机号" + 0.018*"？"
2017-05-15 00:30:36,903 : INFO : topic #74 (0.010): 0.098*"，" + 0.078*"解决" + 0.055*"了" + 0.036*"没人" + 0.035*"都" + 0.032*"的" + 0.026*"而且" + 0.026*"禁言" + 0.023*"我" + 0.022*"玩"
2017-05-15 00:30:36,903 : INFO : topic #75 (0.010): 0.109*"垃圾桶" + 0.095*"，" + 0.049*"逼" + 0.046*"进来" + 0.042*"妈" + 0.036*"神剑" + 0.030*"操" + 0.026*"你" + 0.024*"费" + 0.022*"寻路"
2017-05-15 00:30:36,903 : INFO : topic #76 (0.010): 0.062*"意思" + 0.061*"哪里" + 0.058*"，" + 0.050*"妹" + 0.044*"是" + 0.043*"什么" + 0.039*"一" + 0.033*"挂机" + 0.027*"三个" + 0.025*"答案"
2017-05-15 00:30:36,903 : INFO : topic #77 (0.010): 0.104*"元" + 0.081*"，" + 0.064*"1" + 0.043*"50" + 0.037*"100" + 0.033*"坐骑" + 0.029*" 侠客" + 0.028*"一样" + 0.028*"杀人" + 0.027*"个"
2017-05-15 00:30:36,904 : INFO : topic #78 (0.010): 0.103*"太" + 0.092*"，" + 0.086*"麻烦" + 0.084*"失败" + 0.076*"很" + 0.021*"玩意" + 0.020*"好" + 0.019*"副本" + 0.016*"了" + 0.016*"那样"
2017-05-15 00:30:36,904 : INFO : topic #79 (0.010): 0.086*"，" + 0.073*"吆喝" + 0.056*"非法" + 0.040*"发" + 0.040*"字符" + 0.038*" 寄售" + 0.030*"的" + 0.018*"物品" + 0.018*" 玩家" + 0.017*"东西"
2017-05-15 00:30:36,904 : INFO : topic #80 (0.010): 0.062*"丐帮" + 0.040*" 给" + 0.032*"雁门" + 0.031*"如何" + 0.030*"确定" + 0.029*"，" + 0.027*"不足" + 0.020*"答" + 0.017*"的" + 0.017*"俩"
2017-05-15 00:30:36,904 : INFO : topic #81 (0.010): 0.098*"奖励" + 0.068*"没有" + 0.047*"怎么" + 0.042*"？" + 0.039*"返利" + 0.033*"领" + 0.032*"活动" + 0.031*"了" + 0.030*" 希望" + 0.026*"召回"
2017-05-15 00:30:36,904 : INFO : topic #82 (0.010): 0.125*"钱" + 0.065*"我们" + 0.057*"，" + 0.052*"知道" + 0.047*"才" + 0.039*"也" + 0.036*"不" + 0.030*"设置" + 0.026*"等" + 0.024*"的"
2017-05-15 00:30:36,904 : INFO : topic #83 (0.010): 0.090*"坑" + 0.055*"但是" + 0.052*"，" + 0.051*"搞" + 0.036*"一个" + 0.034*"了" + 0.033*"真" + 0.033*"翅膀" + 0.028*"孩子" + 0.026*"毛"
2017-05-15 00:30:36,905 : INFO : topic #84 (0.010): 0.154*"又" + 0.071*"了" + 0.067*"，" + 0.050*"的" + 0.042*"宝宝" + 0.040*"重新" + 0.027*"帮忙" + 0.023*"一起" + 0.021*"放" + 0.021*"状态"
2017-05-15 00:30:36,905 : INFO : topic #85 (0.010): 0.113*"了" + 0.070*"少" + 0.053*"的" + 0.050*"不见" + 0.047*"提示" + 0.040*"充值" + 0.036*"强化" + 0.032*" 我" + 0.030*"元宝" + 0.028*"改进"
2017-05-15 00:30:36,905 : INFO : topic #86 (0.010): 0.073*"女性" + 0.070*"，" + 0.068*"全家" + 0.057*"逼" + 0.056*"你" + 0.051*"妈" + 0.024*"操" + 0.023*"字体" + 0.019*"曼陀罗花" + 0.015*"不起"
2017-05-15 00:30:36,905 : INFO : topic #87 (0.010): 0.087*"、" + 0.074*"人物" + 0.073*"，" + 0.031*"了" + 0.028*"帽子" + 0.028*"网络" + 0.024*"级别" + 0.021*"我" + 0.018*" 昨天" + 0.017*"没"
2017-05-15 00:30:36,905 : INFO : topic #88 (0.010): 0.098*"，" + 0.090*"技能" + 0.069*"请" + 0.052*"的" + 0.049*"好友" + 0.032*"不" + 0.030*"了" + 0.028*"加" + 0.026*"书" + 0.023*"神节"
2017-05-15 00:30:36,906 : INFO : topic #89 (0.010): 0.094*"找" + 0.065*"这个" + 0.061*"回来" + 0.053*"的" + 0.049*"自己" + 0.041*"了" + 0.035*" 强烈要求" + 0.034*"出售" + 0.032*"能" + 0.021*"不"
2017-05-15 00:30:36,906 : INFO : topic #90 (0.010): 0.138*"角色" + 0.092*"已经" + 0.052*" 不能" + 0.050*"，" + 0.045*"删除" + 0.039*"了" + 0.032*"验证" + 0.030*"服务器" + 0.024*"怎么" + 0.024*"多久"
2017-05-15 00:30:36,906 : INFO : topic #91 (0.010): 0.048*"草泥马" + 0.046*" 队长" + 0.037*"地方" + 0.036*"悬赏" + 0.034*"支付" + 0.033*"晚上" + 0.031*" " + 0.030*"微信" + 0.030*"不能" + 0.030*"特价"
2017-05-15 00:30:36,906 : INFO : topic #92 (0.010): 0.127*"，" + 0.076*"60" + 0.053*"都" + 0.046*"改" + 0.040*"的" + 0.033*"死" + 0.030*"不能" + 0.029*"连" + 0.026*"能" + 0.020*"合"
2017-05-15 00:30:36,906 : INFO : topic #93 (0.010): 0.072*"直接" + 0.067*"反应" + 0.058*"恶人" + 0.047*"没" + 0.047*"跟" + 0.046*"了" + 0.032*"点" + 0.027*"收账" + 0.025*" 一个" + 0.025*"，"
2017-05-15 00:30:36,907 : INFO : topic #94 (0.010): 0.346*"啊" + 0.053*"卖" + 0.048*"了" + 0.043*"骗" + 0.030*"，" + 0.028*"合区" + 0.026*"太低" + 0.024*" 有人" + 0.015*" 华山论剑" + 0.014*"婉清"
2017-05-15 00:30:36,907 : INFO : topic #95 (0.010): 0.090*"，" + 0.080*"了" + 0.062*"我" + 0.058*"谢谢" + 0.055*"找回" + 0.043*"的" + 0.035*"客服" + 0.031*"帮" + 0.028*"冲" + 0.027*"能"
2017-05-15 00:30:36,907 : INFO : topic #96 (0.010): 0.173*"给" + 0.127*"我" + 0.076*"不" + 0.073*"了" + 0.073*"，" + 0.033*"个" + 0.029*"都" + 0.023*"属性" + 0.019*"的" + 0.017*"没"
2017-05-15 00:30:36,908 : INFO : topic #97 (0.010): 0.100*"了" + 0.057*"一点" + 0.039*"老是" + 0.037*"，" + 0.035*"完" + 0.032*"的" + 0.031*"也" + 0.030*"都" + 0.024*"没意思" + 0.024*"打孔"
2017-05-15 00:30:36,908 : INFO : topic #98 (0.010): 0.083*"去" + 0.059*" 这个" + 0.057*"了" + 0.053*"建议" + 0.046*" 唐门" + 0.043*"，" + 0.036*"呀" + 0.033*"太" + 0.030*"哦" + 0.023*"晕"
2017-05-15 00:30:36,908 : INFO : topic #99 (0.010): 0.109*"点" + 0.049*"，" + 0.048*"等级" + 0.044*"6" + 0.042*"取消" + 0.041*"增加" + 0.027*"而" + 0.027*"为了" + 0.027*"小时" + 0.026*"脑残"
2017-05-15 00:30:36,910 : INFO : loaded corpus index from /tmp/corpora.mm.index
2017-05-15 00:30:36,910 : INFO : initializing corpus reader from /tmp/corpora.mm
2017-05-15 00:30:36,910 : INFO : accepted corpus with 15479 documents, 12930 features, 149805 non-zero entries
